TN:
SF:C:\Capgemini\Projects\Vue_Assessment\mealapp\src\App.vue
FNF:0
FNH:0
DA:10,1
DA:11,1
LF:2
LH:2
BRF:0
BRH:0
end_of_record
TN:
SF:C:\Capgemini\Projects\Vue_Assessment\mealapp\src\components\ErrorPage.vue
FN:12,(anonymous_1)
FNF:1
FNH:1
FNDA:1,(anonymous_1)
DA:13,1
LF:1
LH:1
BRF:0
BRH:0
end_of_record
TN:
SF:C:\Capgemini\Projects\Vue_Assessment\mealapp\src\components\MealDetails.vue
FN:64,(anonymous_1)
FN:73,(anonymous_2)
FN:77,(anonymous_3)
FNF:3
FNH:3
FNDA:3,(anonymous_1)
FNDA:3,(anonymous_2)
FNDA:4,(anonymous_3)
DA:60,2
DA:65,3
DA:74,3
DA:78,4
DA:79,4
DA:80,4
DA:82,0
DA:84,4
LF:8
LH:7
BRF:0
BRH:0
end_of_record
TN:
SF:C:\Capgemini\Projects\Vue_Assessment\mealapp\src\components\Search.vue
FN:57,(anonymous_1)
FN:69,(anonymous_2)
FN:72,(anonymous_3)
FNF:3
FNH:2
FNDA:3,(anonymous_1)
FNDA:0,(anonymous_2)
FNDA:1,(anonymous_3)
DA:53,2
DA:58,3
DA:70,0
DA:73,1
DA:74,1
DA:75,1
DA:76,1
DA:78,0
DA:80,1
DA:81,1
LF:10
LH:8
BRDA:73,0,0,1
BRDA:73,0,1,0
BRF:2
BRH:1
end_of_record
TN:
SF:C:\Capgemini\Projects\Vue_Assessment\mealapp\src\router\index.js
FNF:0
FNH:0
DA:9,1
DA:11,1
DA:44,1
LF:3
LH:3
BRF:0
BRH:0
end_of_record
TN:
SF:C:\Capgemini\Projects\Vue_Assessment\mealapp\src\service\service.js
FN:3,getRandomMealService
FN:6,getMealDetailsByIdService
FN:9,getSearchResultsService
FNF:3
FNH:3
FNDA:1,getRandomMealService
FNDA:1,getMealDetailsByIdService
FNDA:1,getSearchResultsService
DA:4,1
DA:7,1
DA:10,1
LF:3
LH:3
BRF:0
BRH:0
end_of_record
TN:
SF:C:\Capgemini\Projects\Vue_Assessment\mealapp\src\store\actions.js
FN:8,(anonymous_0)
FN:19,(anonymous_1)
FN:29,(anonymous_2)
FNF:3
FNH:3
FNDA:2,(anonymous_0)
FNDA:2,(anonymous_1)
FNDA:2,(anonymous_2)
DA:9,2
DA:10,2
DA:11,1
DA:14,1
DA:15,1
DA:20,2
DA:21,2
DA:22,1
DA:23,1
DA:25,1
DA:26,1
DA:30,2
DA:31,2
DA:32,1
DA:34,1
DA:35,1
LF:16
LH:16
BRF:0
BRH:0
end_of_record
TN:
SF:C:\Capgemini\Projects\Vue_Assessment\mealapp\src\views\Home.vue
FN:43,(anonymous_1)
FN:52,(anonymous_2)
FN:56,(anonymous_3)
FN:66,(anonymous_4)
FNF:4
FNH:3
FNDA:3,(anonymous_1)
FNDA:3,(anonymous_2)
FNDA:4,(anonymous_3)
FNDA:0,(anonymous_4)
DA:35,2
DA:36,2
DA:44,3
DA:53,3
DA:57,4
DA:58,4
DA:59,4
DA:60,4
DA:62,0
DA:64,4
DA:67,0
LF:11
LH:9
BRF:0
BRH:0
end_of_record
